TN:
SF:src\App.tsx
FN:7,(anonymous_10)
FN:13,(anonymous_11)
FN:17,(anonymous_12)
FN:35,(anonymous_13)
FN:39,(anonymous_14)
FN:43,(anonymous_15)
FN:44,(anonymous_16)
FNF:7
FNH:7
FNDA:48,(anonymous_10)
FNDA:18,(anonymous_11)
FNDA:18,(anonymous_12)
FNDA:7,(anonymous_13)
FNDA:2,(anonymous_14)
FNDA:3,(anonymous_15)
FNDA:5,(anonymous_16)
DA:1,1
DA:2,1
DA:3,1
DA:5,1
DA:7,1
DA:8,48
DA:9,47
DA:10,47
DA:11,47
DA:13,47
DA:14,18
DA:17,47
DA:18,18
DA:19,18
DA:20,18
DA:23,15
DA:24,0
DA:26,15
DA:27,15
DA:29,3
DA:31,18
DA:35,47
DA:36,7
DA:39,47
DA:40,2
DA:43,47
DA:44,5
DA:47,47
DA:48,18
DA:55,29
DA:56,3
DA:63,26
DA:80,1
LF:33
LH:32
BRDA:23,0,0,0
BRDA:29,1,0,3
BRDA:29,1,1,0
BRDA:47,2,0,18
BRDA:55,3,0,3
BRDA:73,4,0,26
BRDA:73,4,1,7
BRF:7
BRH:5
end_of_record
TN:
SF:src\__tests__\utils\test-utils.tsx
FN:6,(anonymous_4)
FN:52,(anonymous_5)
FN:55,(anonymous_6)
FN:60,(anonymous_7)
FN:65,(anonymous_8)
FN:66,(anonymous_9)
FNF:6
FNH:4
FNDA:53,(anonymous_4)
FNDA:14,(anonymous_5)
FNDA:14,(anonymous_6)
FNDA:3,(anonymous_7)
FNDA:0,(anonymous_8)
FNDA:0,(anonymous_9)
DA:2,3
DA:6,3
DA:7,53
DA:11,3
DA:35,3
DA:52,3
DA:53,14
DA:55,14
DA:60,3
DA:61,3
DA:65,3
DA:66,0
DA:70,3
DA:71,3
LF:14
LH:13
BRDA:60,0,0,0
BRF:1
BRH:0
end_of_record
TN:
SF:src\components\UserModal\UserModal.tsx
FN:10,(anonymous_10)
FN:11,(anonymous_11)
FN:12,(anonymous_12)
FN:21,(anonymous_13)
FN:27,(anonymous_14)
FNF:5
FNH:5
FNDA:27,(anonymous_10)
FNDA:27,(anonymous_11)
FNDA:5,(anonymous_12)
FNDA:27,(anonymous_13)
FNDA:4,(anonymous_14)
DA:1,2
DA:3,2
DA:10,2
DA:11,27
DA:12,27
DA:13,5
DA:14,2
DA:18,27
DA:19,27
DA:21,27
DA:22,27
DA:23,27
DA:27,27
DA:28,4
DA:29,1
DA:33,27
DA:111,2
LF:17
LH:17
BRDA:13,0,0,2
BRDA:28,1,0,1
BRF:2
BRH:2
end_of_record
TN:
SF:src\components\UserTable\UserTable.tsx
FN:11,(anonymous_1)
FN:16,(anonymous_2)
FN:34,(anonymous_3)
FN:36,(anonymous_4)
FN:42,(anonymous_5)
FN:45,(anonymous_6)
FN:46,(anonymous_7)
FN:52,(anonymous_8)
FN:57,(anonymous_9)
FN:61,(anonymous_10)
FNF:10
FNH:7
FNDA:41,(anonymous_1)
FNDA:56,(anonymous_2)
FNDA:56,(anonymous_3)
FNDA:8,(anonymous_4)
FNDA:1,(anonymous_5)
FNDA:0,(anonymous_6)
FNDA:0,(anonymous_7)
FNDA:1,(anonymous_8)
FNDA:0,(anonymous_9)
FNDA:5,(anonymous_10)
DA:1,2
DA:3,2
DA:11,2
DA:16,41
DA:17,56
DA:20,41
DA:35,56
DA:36,8
DA:42,1
DA:45,0
DA:46,0
DA:52,1
DA:57,0
DA:62,5
DA:63,5
DA:78,2
LF:16
LH:13
BRF:0
BRH:0
end_of_record
